# JRE version: OpenJDK Runtime Environment (17.0.10) (build 17.0.10+0--11609105)
# Java VM: OpenJDK 64-Bit Server VM (17.0.10+0--11609105, mixed mode, tiered, compressed oops, compressed class ptrs, g1 gc, windows-amd64)
GC Precious Log:
 CPUs: 4 total, 4 available
 Memory: 14255M
 Large Page Support: Disabled
 NUMA Support: Disabled
 Compressed Oops: Enabled (32-bit)
 Heap Region Size: 1M
 Heap Min Capacity: 8M
 Heap Initial Capacity: 224M
 Heap Max Capacity: 2G
 Pre-touch: Disabled
 Parallel Workers: 4
 Concurrent Workers: 1
 Concurrent Refinement Workers: 4
 Periodic GC: Disabled
Heap:
 garbage-first heap   total 120832K, used 92060K [0x0000000080000000, 0x0000000100000000)
  region size 1024K, 6 young (6144K), 3 survivors (3072K)
 Metaspace       used 89966K, committed 90624K, reserved 1179648K
  class space    used 12423K, committed 12736K, reserved 1048576K
GC Heap History (20 events):
Event: 22.799 GC heap before
{Heap before GC invocations=42 (full 0):
 garbage-first heap   total 120832K, used 102023K [0x0000000080000000, 0x0000000100000000)
  region size 1024K, 25 young (25600K), 4 survivors (4096K)
 Metaspace       used 81959K, committed 82560K, reserved 1179648K
  class space    used 11088K, committed 11392K, reserved 1048576K
}
Event: 22.808 GC heap after
{Heap after GC invocations=43 (full 0):
 garbage-first heap   total 120832K, used 82164K [0x0000000080000000, 0x0000000100000000)
  region size 1024K, 3 young (3072K), 3 survivors (3072K)
 Metaspace       used 81959K, committed 82560K, reserved 1179648K
  class space    used 11088K, committed 11392K, reserved 1048576K
}
Event: 23.107 GC heap before
{Heap before GC invocations=43 (full 0):
 garbage-first heap   total 120832K, used 102644K [0x0000000080000000, 0x0000000100000000)
  region size 1024K, 23 young (23552K), 3 survivors (3072K)
 Metaspace       used 82171K, committed 82816K, reserved 1179648K
  class space    used 11120K, committed 11456K, reserved 1048576K
}
Event: 23.112 GC heap after
{Heap after GC invocations=44 (full 0):
 garbage-first heap   total 120832K, used 85328K [0x0000000080000000, 0x0000000100000000)
  region size 1024K, 3 young (3072K), 3 survivors (3072K)
 Metaspace       used 82171K, committed 82816K, reserved 1179648K
  class space    used 11120K, committed 11456K, reserved 1048576K
}
Event: 23.202 GC heap before
{Heap before GC invocations=44 (full 0):
 garbage-first heap   total 120832K, used 101712K [0x0000000080000000, 0x0000000100000000)
  region size 1024K, 19 young (19456K), 3 survivors (3072K)
 Metaspace       used 82172K, committed 82816K, reserved 1179648K
  class space    used 11120K, committed 11456K, reserved 1048576K
}
Event: 23.205 GC heap after
{Heap after GC invocations=45 (full 0):
 garbage-first heap   total 120832K, used 86255K [0x0000000080000000, 0x0000000100000000)
  region size 1024K, 3 young (3072K), 3 survivors (3072K)
 Metaspace       used 82172K, committed 82816K, reserved 1179648K
  class space    used 11120K, committed 11456K, reserved 1048576K
}
Event: 23.427 GC heap before
{Heap before GC invocations=45 (full 0):
 garbage-first heap   total 120832K, used 100591K [0x0000000080000000, 0x0000000100000000)
  region size 1024K, 17 young (17408K), 3 survivors (3072K)
 Metaspace       used 83213K, committed 83968K, reserved 1179648K
  class space    used 11254K, committed 11584K, reserved 1048576K
}
Event: 23.432 GC heap after
{Heap after GC invocations=46 (full 0):
 garbage-first heap   total 120832K, used 86645K [0x0000000080000000, 0x0000000100000000)
  region size 1024K, 1 young (1024K), 1 survivors (1024K)
 Metaspace       used 83213K, committed 83968K, reserved 1179648K
  class space    used 11254K, committed 11584K, reserved 1048576K
}
Event: 23.747 GC heap before
{Heap before GC invocations=46 (full 0):
 garbage-first heap   total 120832K, used 100981K [0x0000000080000000, 0x0000000100000000)
  region size 1024K, 16 young (16384K), 1 survivors (1024K)
 Metaspace       used 84245K, committed 84928K, reserved 1179648K
  class space    used 11413K, committed 11712K, reserved 1048576K
}
Event: 23.749 GC heap after
{Heap after GC invocations=47 (full 0):
 garbage-first heap   total 120832K, used 87184K [0x0000000080000000, 0x0000000100000000)
  region size 1024K, 2 young (2048K), 2 survivors (2048K)
 Metaspace       used 84245K, committed 84928K, reserved 1179648K
  class space    used 11413K, committed 11712K, reserved 1048576K
}
Event: 24.039 GC heap before
{Heap before GC invocations=47 (full 0):
 garbage-first heap   total 120832K, used 102544K [0x0000000080000000, 0x0000000100000000)
  region size 1024K, 17 young (17408K), 2 survivors (2048K)
 Metaspace       used 85330K, committed 86080K, reserved 1179648K
  class space    used 11554K, committed 11904K, reserved 1048576K
}
Event: 24.042 GC heap after
{Heap after GC invocations=48 (full 0):
 garbage-first heap   total 120832K, used 88720K [0x0000000080000000, 0x0000000100000000)
  region size 1024K, 3 young (3072K), 3 survivors (3072K)
 Metaspace       used 85330K, committed 86080K, reserved 1179648K
  class space    used 11554K, committed 11904K, reserved 1048576K
}
Event: 24.416 GC heap before
{Heap before GC invocations=48 (full 0):
 garbage-first heap   total 120832K, used 103056K [0x0000000080000000, 0x0000000100000000)
  region size 1024K, 17 young (17408K), 3 survivors (3072K)
 Metaspace       used 86282K, committed 86976K, reserved 1179648K
  class space    used 11725K, committed 12032K, reserved 1048576K
}
Event: 24.418 GC heap after
{Heap after GC invocations=49 (full 0):
 garbage-first heap   total 120832K, used 88275K [0x0000000080000000, 0x0000000100000000)
  region size 1024K, 2 young (2048K), 2 survivors (2048K)
 Metaspace       used 86282K, committed 86976K, reserved 1179648K
  class space    used 11725K, committed 12032K, reserved 1048576K
}
Event: 24.722 GC heap before
{Heap before GC invocations=49 (full 0):
 garbage-first heap   total 120832K, used 103635K [0x0000000080000000, 0x0000000100000000)
  region size 1024K, 17 young (17408K), 2 survivors (2048K)
 Metaspace       used 87513K, committed 88192K, reserved 1179648K
  class space    used 11949K, committed 12288K, reserved 1048576K
}
Event: 24.724 GC heap after
{Heap after GC invocations=50 (full 0):
 garbage-first heap   total 120832K, used 88607K [0x0000000080000000, 0x0000000100000000)
  region size 1024K, 2 young (2048K), 2 survivors (2048K)
 Metaspace       used 87513K, committed 88192K, reserved 1179648K
  class space    used 11949K, committed 12288K, reserved 1048576K
}
Event: 25.026 GC heap before
{Heap before GC invocations=50 (full 0):
 garbage-first heap   total 120832K, used 103967K [0x0000000080000000, 0x0000000100000000)
  region size 1024K, 17 young (17408K), 2 survivors (2048K)
 Metaspace       used 88676K, committed 89344K, reserved 1179648K
  class space    used 12197K, committed 12544K, reserved 1048576K
}
Event: 25.029 GC heap after
{Heap after GC invocations=51 (full 0):
 garbage-first heap   total 120832K, used 88916K [0x0000000080000000, 0x0000000100000000)
  region size 1024K, 2 young (2048K), 2 survivors (2048K)
 Metaspace       used 88676K, committed 89344K, reserved 1179648K
  class space    used 12197K, committed 12544K, reserved 1048576K
}
Event: 25.363 GC heap before
{Heap before GC invocations=51 (full 0):
 garbage-first heap   total 120832K, used 105300K [0x0000000080000000, 0x0000000100000000)
  region size 1024K, 18 young (18432K), 2 survivors (2048K)
 Metaspace       used 89780K, committed 90496K, reserved 1179648K
  class space    used 12400K, committed 12736K, reserved 1048576K
}
Event: 25.368 GC heap after
{Heap after GC invocations=52 (full 0):
 garbage-first heap   total 120832K, used 90012K [0x0000000080000000, 0x0000000100000000)
  region size 1024K, 3 young (3072K), 3 survivors (3072K)
 Metaspace       used 89780K, committed 90496K, reserved 1179648K
  class space    used 12400K, committed 12736K, reserved 1048576K
}

